<?xml version="1.0" encoding="UTF-8"?>
<!-- Generated by org.testng.reporters.JUnitXMLReporter -->
<testsuite hostname="girish-u" ignored="0" name="Test" tests="7" failures="1" timestamp="2021-01-21T18:37:32 IST" time="31.046" errors="0">
  <testcase name="test3" time="0.092" classname="docker.parallelexecution2"/>
  <testcase name="test4" time="0.004" classname="docker.parallelexecution2"/>
  <testcase name="test1" time="7.014" classname="docker.parallelexecution">
    <skipped/>
  </testcase> <!-- test1 -->
  <testcase name="test1" time="8.92" classname="docker.parallelexecution">
    <skipped/>
  </testcase> <!-- test1 -->
  <testcase name="test1" time="6.862" classname="docker.parallelexecution">
    <skipped/>
  </testcase> <!-- test1 -->
  <testcase name="test1" time="6.987" classname="docker.parallelexecution">
    <failure type="java.lang.AssertionError" message="expected [true] but found [false]">
      <![CDATA[java.lang.AssertionError: expected [true] but found [false]
at docker.parallelexecution.test1(parallelexecution.java:33)
at java.util.concurrent.ThreadPoolExecutor.runWorker(ThreadPoolExecutor.java:1149)
at java.util.concurrent.ThreadPoolExecutor$Worker.run(ThreadPoolExecutor.java:624)
at java.lang.Thread.run(Thread.java:748)
... Removed 16 stack frames]]>
    </failure>
  </testcase> <!-- test1 -->
  <testcase name="test2" time="0.006" classname="docker.parallelexecution"/>
</testsuite> <!-- Test -->
