<?xml version="1.0" encoding="UTF-8"?>
<testsuite xmlns:xsi="http://www.w3.org/2001/XMLSchema-instance" xsi:noNamespaceSchemaLocation="https://maven.apache.org/surefire/maven-surefire-plugin/xsd/surefire-test-report.xsd" name="TestSuite" time="33.093" tests="7" errors="0" skipped="3" failures="1">
  <properties>
[...]
</properties>
  <testcase name="test3" classname="docker.parallelexecution2" time="0.224"/>
  <testcase name="test4" classname="docker.parallelexecution2" time="0.002"/>
  <testcase name="test1" classname="docker.parallelexecution" time="0">
    <skipped message="expected [true] but found [false]"/>
    <system-out><![CDATA[This is test 1
Title is ------------> 
]]></system-out>
    <system-err><![CDATA[Starting ChromeDriver 87.0.4280.88 (89e2380a3e36c3464b5dd1302349b1382549290d-refs/branch-heads/4280@{#1761}) on port 23797
Only local connections are allowed.
Please see https://chromedriver.chromium.org/security-considerations for suggestions on keeping ChromeDriver safe.
ChromeDriver was started successfully.
[1611234427.021][WARNING]: This version of ChromeDriver has not been tested with Chrome version 88.
Jan 21, 2021 6:37:07 PM org.openqa.selenium.remote.ProtocolHandshake createSession
INFO: Detected dialect: W3C
]]></system-err>
  </testcase>
  <testcase name="test1" classname="docker.parallelexecution" time="0">
    <skipped message="expected [true] but found [false]"/>
    <system-out><![CDATA[This is test 1
Title is ------------> Google
]]></system-out>
    <system-err><![CDATA[Starting ChromeDriver 87.0.4280.88 (89e2380a3e36c3464b5dd1302349b1382549290d-refs/branch-heads/4280@{#1761}) on port 26839
Only local connections are allowed.
Please see https://chromedriver.chromium.org/security-considerations for suggestions on keeping ChromeDriver safe.
ChromeDriver was started successfully.
[1611234433.710][WARNING]: This version of ChromeDriver has not been tested with Chrome version 88.
Jan 21, 2021 6:37:13 PM org.openqa.selenium.remote.ProtocolHandshake createSession
INFO: Detected dialect: W3C
]]></system-err>
  </testcase>
  <testcase name="test1" classname="docker.parallelexecution" time="0">
    <skipped message="expected [true] but found [false]"/>
    <system-out><![CDATA[This is test 1
Title is ------------> Google
]]></system-out>
    <system-err><![CDATA[Starting ChromeDriver 87.0.4280.88 (89e2380a3e36c3464b5dd1302349b1382549290d-refs/branch-heads/4280@{#1761}) on port 36865
Only local connections are allowed.
Please see https://chromedriver.chromium.org/security-considerations for suggestions on keeping ChromeDriver safe.
ChromeDriver was started successfully.
[1611234441.711][WARNING]: This version of ChromeDriver has not been tested with Chrome version 88.
Jan 21, 2021 6:37:21 PM org.openqa.selenium.remote.ProtocolHandshake createSession
INFO: Detected dialect: W3C
]]></system-err>
  </testcase>
  <testcase name="test1" classname="docker.parallelexecution" time="7.727">
    <failure message="expected [true] but found [false]" type="java.lang.AssertionError">java.lang.AssertionError: expected [true] but found [false]
	at docker.parallelexecution.test1(parallelexecution.java:33)
</failure>
    <system-out><![CDATA[This is test 1
Title is ------------> Google
File is /Users/girishu/practice/girish/reports/test1.png
]]></system-out>
    <system-err><![CDATA[Starting ChromeDriver 87.0.4280.88 (89e2380a3e36c3464b5dd1302349b1382549290d-refs/branch-heads/4280@{#1761}) on port 1965
Only local connections are allowed.
Please see https://chromedriver.chromium.org/security-considerations for suggestions on keeping ChromeDriver safe.
ChromeDriver was started successfully.
[1611234448.691][WARNING]: This version of ChromeDriver has not been tested with Chrome version 88.
Jan 21, 2021 6:37:28 PM org.openqa.selenium.remote.ProtocolHandshake createSession
INFO: Detected dialect: W3C
]]></system-err>
  </testcase>
  <testcase name="test2" classname="docker.parallelexecution" time="0.002"/>
</testsuite>